-------------------------------------------------------------------------------
Test set: com.example.service.VpisanUporabnikServiceTest
-------------------------------------------------------------------------------
Tests run: 10, Failures: 2, Errors: 0, Skipped: 0, Time elapsed: 0.237 s <<< FAILURE! -- in com.example.service.VpisanUporabnikServiceTest
com.example.service.VpisanUporabnikServiceTest.testDeleteUser_Positive -- Time elapsed: 0.083 s <<< FAILURE!
Wanted but not invoked:
vpisanUporabnikRepository.existsById(1L);
-> at com.example.service.VpisanUporabnikServiceTest.testDeleteUser_Positive(AdminServiceTest.java:118)

However, there was exactly 1 interaction with this mock:
vpisanUporabnikRepository.deleteById(1L);
-> at com.example.service.VpisanUporabnikService.deleteById(VpisanUporabnikService.java:32)


	at com.example.service.VpisanUporabnikServiceTest.testDeleteUser_Positive(AdminServiceTest.java:118)
	at java.base/java.lang.reflect.Method.invoke(Method.java:580)
	at java.base/java.util.ArrayList.forEach(ArrayList.java:1596)
	at java.base/java.util.ArrayList.forEach(ArrayList.java:1596)

com.example.service.VpisanUporabnikServiceTest.testDeleteUser_Negative -- Time elapsed: 0.006 s <<< FAILURE!
Wanted but not invoked:
vpisanUporabnikRepository.existsById(1L);
-> at com.example.service.VpisanUporabnikServiceTest.testDeleteUser_Negative(AdminServiceTest.java:132)

However, there was exactly 1 interaction with this mock:
vpisanUporabnikRepository.deleteById(1L);
-> at com.example.service.VpisanUporabnikService.deleteById(VpisanUporabnikService.java:32)


	at com.example.service.VpisanUporabnikServiceTest.testDeleteUser_Negative(AdminServiceTest.java:132)
	at java.base/java.lang.reflect.Method.invoke(Method.java:580)
	at java.base/java.util.ArrayList.forEach(ArrayList.java:1596)
	at java.base/java.util.ArrayList.forEach(ArrayList.java:1596)

